fn ALU_OPCODE_IM
%2 = const i64 0
%3 = const i64 6
%4 = << i32 %2 %3
%5 = const i64 4
%6 = << i32 %0 %5
%7 = + i32 %4 %6
%8 = + i32 %7 %1
leave %8 

fn ALU_OPCODE_ZP
%2 = const i64 0
%3 = const i64 6
%4 = << i32 %2 %3
%5 = const i64 4
%6 = << i32 %0 %5
%7 = + i32 %4 %6
%8 = const i64 1
%9 = const i64 3
%10 = << i32 %8 %9
%11 = + i32 %7 %10
%12 = + i32 %11 %1
leave %12 

fn ALU_OPCODE_RU
%2 = const i64 2
%3 = const i64 6
%4 = << i32 %2 %3
%5 = const i64 4
%6 = << i32 %0 %5
%7 = + i32 %4 %6
%8 = const i64 1
%9 = const i64 3
%10 = << i32 %8 %9
%11 = + i32 %7 %10
%12 = + i32 %11 %1
leave %12 

fn LD
%3 = const i64 255
%4 = > i32 %1 %3
ifeq %4 0 1
sigwarn 0 warning, precise message is not yet implemented
%5 = const i64 7
[%6] = enter 0 %0 %5 
leave %6 %1 

fn LH
%3 = const i64 7
[%4] = enter 0 %0 %3 
%5 = const i64 1
[%6] = enter 2 %0 %5 
%7 = const i64 0
leave %4 %1 %6 %7 

fn LD
%3 = const i64 255
%4 = > i32 %1 %3
ifeq %4 0 1
sigwarn 0 warning, precise message is not yet implemented
%5 = const i64 7
[%6] = enter 1 %0 %5 
leave %6 %1 

fn LD
%4 = const i64 255
%5 = > i32 %2 %4
ifeq %5 0 1
sigwarn 0 warning, precise message is not yet implemented
%6 = const i64 128
%7 = const i64 4
%8 = << i32 %0 %7
%9 = + i32 %6 %8
%10 = + i32 %9 %1
leave %10 %2 

fn ST
%3 = const i64 255
%4 = > i32 %1 %3
ifeq %4 0 1
sigwarn 0 warning, precise message is not yet implemented
%5 = const i64 200
%6 = const i64 4
%7 = << i32 %0 %6
%8 = + i32 %5 %7
leave %8 %1 

fn ST
%4 = const i64 255
%5 = > i32 %2 %4
ifeq %5 0 1
sigwarn 0 warning, precise message is not yet implemented
%6 = const i64 192
%7 = const i64 4
%8 = << i32 %0 %7
%9 = + i32 %6 %8
%10 = + i32 %9 %1
leave %10 %2 

fn BEQ
%3 = - i32 %1 %2
%4 = const i64 128
%5 = > i32 %3 %4
%6 = - i32 %1 %2
%7 = const i64 126
%8 = neg i32 %7
%9 = < i32 %6 %8
%10 = || i32 %5 %9
ifeq %10 0 1
sigwarn 0 warning, precise message is not yet implemented
%11 = const i64 64
%12 = const i64 4
%13 = << i32 %0 %12
%14 = + i32 %11 %13
%15 = - i32 %1 %2
leave %14 %15 

fn BNE
%3 = - i32 %1 %2
%4 = const i64 255
%5 = > i32 %3 %4
ifeq %5 0 1
sigwarn 0 warning, precise message is not yet implemented
%6 = const i64 68
%7 = const i64 4
%8 = << i32 %0 %7
%9 = + i32 %6 %8
%10 = - i32 %1 %2
leave %9 %10 

fn JMP
%2 = - i32 %0 %1
%3 = const i64 255
%4 = > i32 %2 %3
ifeq %4 0 1
sigwarn 0 warning, precise message is not yet implemented
%5 = const i64 72
%6 = - i32 %0 %1
leave %5 %6 

fn ICY
%2 = const i64 0
[%3] = enter 2 %0 %2 
%4 = const i64 0
leave %3 %4 

fn ASL
%2 = const i64 2
[%3] = enter 2 %0 %2 
%4 = const i64 0
leave %3 %4 

fn LSR
%2 = const i64 0
[%3] = enter 2 %0 %2 
%4 = const i64 0
leave %3 %4 

fn ADD
%3 = const i64 255
%4 = > i32 %1 %3
ifeq %4 0 1
sigwarn 0 warning, precise message is not yet implemented
%5 = const i64 0
[%6] = enter 0 %0 %5 
leave %6 %1 

fn SUB
%3 = const i64 255
%4 = > i32 %1 %3
ifeq %4 0 1
sigwarn 0 warning, precise message is not yet implemented
%5 = const i64 2
[%6] = enter 0 %0 %5 
leave %6 %1 

fn CMP
%3 = const i64 255
%4 = > i32 %1 %3
ifeq %4 0 1
sigwarn 0 warning, precise message is not yet implemented
%5 = const i64 3
[%6] = enter 0 %0 %5 
leave %6 %1 

fn AND
%3 = const i64 255
%4 = > i32 %1 %3
ifeq %4 0 1
sigwarn 0 warning, precise message is not yet implemented
%5 = const i64 4
[%6] = enter 0 %0 %5 
leave %6 %1 

fn ORA
%3 = const i64 255
%4 = > i32 %1 %3
ifeq %4 0 1
sigwarn 0 warning, precise message is not yet implemented
%5 = const i64 5
[%6] = enter 0 %0 %5 
leave %6 %1 

fn EOR
%3 = const i64 255
%4 = > i32 %1 %3
ifeq %4 0 1
sigwarn 0 warning, precise message is not yet implemented
%5 = const i64 6
[%6] = enter 0 %0 %5 
leave %6 %1 

fn ADD
%3 = const i64 255
%4 = > i32 %1 %3
ifeq %4 0 1
sigwarn 0 warning, precise message is not yet implemented
%5 = const i64 0
[%6] = enter 1 %0 %5 
leave %1 %6 

fn SUB
%3 = const i64 255
%4 = > i32 %1 %3
ifeq %4 0 1
sigwarn 0 warning, precise message is not yet implemented
%5 = const i64 2
[%6] = enter 1 %0 %5 
leave %6 %1 

fn CMP
%3 = const i64 255
%4 = > i32 %1 %3
ifeq %4 0 1
sigwarn 0 warning, precise message is not yet implemented
%5 = const i64 3
[%6] = enter 1 %0 %5 
leave %6 %1 

fn AND
%3 = const i64 255
%4 = > i32 %1 %3
ifeq %4 0 1
sigwarn 0 warning, precise message is not yet implemented
%5 = const i64 4
[%6] = enter 1 %0 %5 
leave %6 %1 

fn ORA
%3 = const i64 255
%4 = > i32 %1 %3
ifeq %4 0 1
sigwarn 0 warning, precise message is not yet implemented
%5 = const i64 5
[%6] = enter 1 %0 %5 
leave %6 %1 

fn EOR
%3 = const i64 255
%4 = > i32 %1 %3
ifeq %4 0 1
sigwarn 0 warning, precise message is not yet implemented
%5 = const i64 6
[%6] = enter 1 %0 %5 
leave %6 %1 

fn CALL
%2 = const i64 0
%3 = const i64 7
[%3] = enter 0 %2 %3 
%4 = const i64 8
%5 = >> i32 %0 %4
%6 = const i64 0
%7 = const i64 1
[%7] = enter 2 %6 %7 
%8 = const i64 0
%9 = const i64 96
%10 = const i64 255
%11 = & i32 %0 %10
leave %3 %5 %7 %8 %9 %11 

fn RET
%1 = const i64 96
%2 = const i64 1
leave %1 %2 

fn file_listing
fn ST 0
invoke 7 [1 1 4294967295]
fn LH 0
invoke 4 [2 255 4294967295]
fn ADD 0
invoke 15 [2 255 4294967295]
fn LD 0
invoke 3 [3 1 4294967295]
fn ST 0
invoke 8 [1 2 0 4294967295]
fn LD 0
invoke 5 [1 16 4294967295]
fn ST 0
invoke 7 [1 1 4294967295]
fn ST 0
invoke 7 [1 2 4294967295]
fn ST 0
invoke 7 [1 3 4294967295]
fn ST 0
invoke 7 [1 4 4294967295]
fn ST 0
invoke 7 [1 5 4294967295]
fn ST 0
invoke 7 [1 6 4294967295]
fn ST 0
invoke 7 [1 7 4294967295]
fn LH 0
invoke 4 [2 255 4294967295]
fn ADD 0
invoke 15 [2 255 4294967295]
fn LD 0
invoke 3 [3 1 4294967295]
fn ST 0
invoke 8 [3 2 0 4294967295]
fn LD 0
invoke 3 [2 0 4294967295]
fn SUB 0
invoke 16 [2 255 4294967295]
fn LD 0
invoke 5 [1 0 4294967295]
fn ST 0
invoke 8 [1 2 4 4294967295]
fn ST 0
invoke 8 [1 2 5 4294967295]
fn ST 0
invoke 8 [1 2 6 4294967295]
fn ST 0
invoke 8 [1 2 7 4294967295]
fn RET 0
invoke 28 [4294967295]
fn LD 0
invoke 5 [3 4 4294967295]
fn ST 0
invoke 7 [1 18 4294967295]
fn AND 0
invoke 18 [1 15 4294967295]
fn ASL 0
invoke 13 [1 4294967295]
fn ST 0
invoke 8 [1 2 0 4294967295]
fn ADD 0
invoke 15 [2 1 4294967295]
fn SUB 0
invoke 16 [3 1 4294967295]
fn LD 0
invoke 5 [1 18 4294967295]
fn LSR 0
invoke 14 [1 4294967295]
fn LSR 0
invoke 14 [1 4294967295]
fn LSR 0
invoke 14 [1 4294967295]
fn LSR 0
invoke 14 [1 4294967295]
fn ST 0
invoke 7 [1 18 4294967295]
fn BNE 0
invoke 10 [3 0 4294967295]
fn SUB 0
invoke 16 [2 4 4294967295]
fn ST 0
invoke 7 [3 19 4294967295]
fn LD 0
invoke 3 [3 4 4294967295]
fn ST 0
invoke 7 [3 18 4294967295]
fn LD 0
invoke 6 [3 2 0 4294967295]
fn LD 0
invoke 6 [1 3 1 4294967295]
fn ST 0
invoke 7 [1 20 4294967295]
fn LD 0
invoke 6 [1 3 0 4294967295]
fn ADD 0
invoke 21 [1 19 4294967295]
fn LD 0
invoke 5 [3 20 4294967295]
fn CMP 0
invoke 17 [1 10 4294967295]
fn ICY 0
invoke 12 [3 4294967295]
fn ST 0
invoke 7 [3 19 4294967295]
fn SUB 0
invoke 22 [3 20 4294967295]
fn BEQ 0
invoke 9 [3 0 4294967295]
fn SUB 0
invoke 22 [1 10 4294967295]
fn LD 0
invoke 5 [3 18 4294967295]
fn SUB 0
invoke 16 [3 1 4294967295]
fn ST 0
invoke 8 [1 2 0 4294967295]
fn ADD 0
invoke 15 [2 1 4294967295]
fn BNE 0
invoke 10 [3 0 4294967295]
fn RET 0
invoke 28 [4294967295]
fn LD 0
invoke 3 [2 0 4294967295]
fn SUB 0
invoke 16 [2 256 4294967295]
fn LD 0
invoke 6 [3 1 0 4294967295]
fn ST 0
invoke 8 [3 2 4 4294967295]
fn LD 0
invoke 6 [3 1 1 4294967295]
fn ST 0
invoke 8 [3 2 5 4294967295]
fn LD 0
invoke 6 [3 1 2 4294967295]
fn ST 0
invoke 8 [3 2 6 4294967295]
fn LD 0
invoke 6 [3 1 3 4294967295]
fn ST 0
invoke 8 [3 2 7 4294967295]
fn BEQ 0
invoke 9 [3 0 4294967295]
fn ST 0
invoke 8 [1 2 0 4294967295]
fn ADD 0
invoke 15 [2 1 4294967295]
fn SUB 0
invoke 16 [3 1 4294967295]
fn BNE 0
invoke 10 [3 0 4294967295]
fn RET 0
invoke 28 [4294967295]
fn BEQ 0
invoke 9 [3 0 4294967295]
fn ST 0
invoke 7 [0 16 4294967295]
fn LD 0
invoke 6 [0 1 0 4294967295]
fn ST 0
invoke 8 [0 2 0 4294967295]
fn ADD 0
invoke 15 [1 1 4294967295]
fn ADD 0
invoke 15 [2 1 4294967295]
fn SUB 0
invoke 16 [3 1 4294967295]
fn BNE 0
invoke 10 [3 0 4294967295]
fn LD 0
invoke 5 [0 16 4294967295]
fn RET 0
invoke 28 [4294967295]
fn BEQ 0
invoke 9 [2 0 4294967295]
fn ASL 0
invoke 13 [1 4294967295]
fn SUB 0
invoke 16 [2 1 4294967295]
fn BNE 0
invoke 10 [2 0 4294967295]
fn RET 0
invoke 28 [4294967295]
fn BEQ 0
invoke 9 [2 0 4294967295]
fn LSR 0
invoke 14 [1 4294967295]
fn SUB 0
invoke 16 [2 1 4294967295]
fn BNE 0
invoke 10 [2 0 4294967295]
fn RET 0
invoke 28 [4294967295]
fn BNE 0
invoke 10 [2 0 4294967295]
fn AND 0
invoke 18 [1 0 4294967295]
fn RET 0
invoke 28 [4294967295]
fn BNE 0
invoke 10 [1 0 4294967295]
fn RET 0
invoke 28 [4294967295]
fn ST 0
invoke 7 [1 17 4294967295]
fn AND 0
invoke 18 [1 0 4294967295]
fn AND 0
invoke 18 [3 0 4294967295]
fn LSR 0
invoke 14 [2 4294967295]
fn ICY 0
invoke 12 [3 4294967295]
fn ASL 0
invoke 13 [1 4294967295]
fn BEQ 0
invoke 9 [3 0 4294967295]
fn ST 0
invoke 7 [1 18 4294967295]
fn ADD 0
invoke 21 [1 17 4294967295]
fn ST 0
invoke 7 [1 17 4294967295]
fn LD 0
invoke 5 [1 18 4294967295]
fn BNE 0
invoke 10 [2 0 4294967295]
fn RET 0
invoke 28 [4294967295]
